

Started GET "/messages?nonce=1445113524559" for 109.242.74.182 at 2015-10-17 16:24:52 -0400
  [1m[36mActiveRecord::SchemaMigration Load (0.1ms)[0m  [1mSELECT "schema_migrations".* FROM "schema_migrations"[0m
Processing by MessagesController#index as HTML
  Parameters: {"nonce"=>"1445113524559"}
  [1m[35mMessage Load (0.1ms)[0m  SELECT "messages".* FROM "messages"
  Rendered messages/index.html.erb within layouts/application (31.0ms)
Completed 200 OK in 557ms (Views: 547.8ms | ActiveRecord: 0.4ms)


Started GET "/assets/messages.css?body=1" for 109.242.74.182 at 2015-10-17 16:24:53 -0400


Started GET "/assets/application.css?body=1" for 109.242.74.182 at 2015-10-17 16:24:53 -0400


Started GET "/assets/jquery.js?body=1" for 109.242.74.182 at 2015-10-17 16:24:53 -0400


Started GET "/assets/jquery_ujs.js?body=1" for 109.242.74.182 at 2015-10-17 16:24:53 -0400


Started GET "/assets/turbolinks.js?body=1" for 109.242.74.182 at 2015-10-17 16:24:53 -0400


Started GET "/assets/communication.js?body=1" for 109.242.74.182 at 2015-10-17 16:24:53 -0400


Started GET "/assets/messages.js?body=1" for 109.242.74.182 at 2015-10-17 16:24:53 -0400


Started GET "/assets/application.js?body=1" for 109.242.74.182 at 2015-10-17 16:24:54 -0400


Started GET "/communication.js" for 109.242.74.182 at 2015-10-17 16:24:54 -0400

ActionController::RoutingError (No route matches [GET] "/communication.js"):
  actionpack (4.1.1) lib/action_dispatch/middleware/debug_exceptions.rb:21:in `call'
  actionpack (4.1.1) lib/action_dispatch/middleware/show_exceptions.rb:30:in `call'
  railties (4.1.1) lib/rails/rack/logger.rb:38:in `call_app'
  railties (4.1.1) lib/rails/rack/logger.rb:20:in `block in call'
  activesupport (4.1.1) lib/active_support/tagged_logging.rb:68:in `block in tagged'
  activesupport (4.1.1) lib/active_support/tagged_logging.rb:26:in `tagged'
  activesupport (4.1.1) lib/active_support/tagged_logging.rb:68:in `tagged'
  railties (4.1.1) lib/rails/rack/logger.rb:20:in `call'
  actionpack (4.1.1) lib/action_dispatch/middleware/request_id.rb:21:in `call'
  rack (1.5.2) lib/rack/methodoverride.rb:21:in `call'
  rack (1.5.2) lib/rack/runtime.rb:17:in `call'
  activesupport (4.1.1) lib/active_support/cache/strategy/local_cache_middleware.rb:26:in `call'
  rack (1.5.2) lib/rack/lock.rb:17:in `call'
  actionpack (4.1.1) lib/action_dispatch/middleware/static.rb:64:in `call'
  rack (1.5.2) lib/rack/sendfile.rb:112:in `call'
  railties (4.1.1) lib/rails/engine.rb:514:in `call'
  railties (4.1.1) lib/rails/application.rb:144:in `call'
  rack (1.5.2) lib/rack/lock.rb:17:in `call'
  rack (1.5.2) lib/rack/content_length.rb:14:in `call'
  rack (1.5.2) lib/rack/handler/webrick.rb:60:in `service'
  /usr/lib/ruby/2.0.0/webrick/httpserver.rb:138:in `service'
  /usr/lib/ruby/2.0.0/webrick/httpserver.rb:94:in `run'
  /usr/lib/ruby/2.0.0/webrick/server.rb:295:in `block in start_thread'


  Rendered /var/lib/gems/2.0.0/gems/actionpack-4.1.1/lib/action_dispatch/middleware/templates/rescues/_trace.html.erb (1.0ms)
  Rendered /var/lib/gems/2.0.0/gems/actionpack-4.1.1/lib/action_dispatch/middleware/templates/routes/_route.html.erb (0.9ms)
  Rendered /var/lib/gems/2.0.0/gems/actionpack-4.1.1/lib/action_dispatch/middleware/templates/routes/_table.html.erb (5.9ms)
  Rendered /var/lib/gems/2.0.0/gems/actionpack-4.1.1/lib/action_dispatch/middleware/templates/rescues/routing_error.html.erb within rescues/layout (22.9ms)


Started GET "/messages?nonce=1445113558976" for 109.242.74.182 at 2015-10-17 16:25:25 -0400
Processing by MessagesController#index as HTML
  Parameters: {"nonce"=>"1445113558976"}
  [1m[36mMessage Load (0.2ms)[0m  [1mSELECT "messages".* FROM "messages"[0m
  Rendered messages/index.html.erb within layouts/application (1.3ms)
Completed 200 OK in 61ms (Views: 60.0ms | ActiveRecord: 0.2ms)


Started GET "/assets/messages.css?body=1" for 109.242.74.182 at 2015-10-17 16:25:26 -0400


Started GET "/assets/application.css?body=1" for 109.242.74.182 at 2015-10-17 16:25:26 -0400


Started GET "/assets/jquery.js?body=1" for 109.242.74.182 at 2015-10-17 16:25:26 -0400


Started GET "/assets/jquery_ujs.js?body=1" for 109.242.74.182 at 2015-10-17 16:25:26 -0400


Started GET "/assets/turbolinks.js?body=1" for 109.242.74.182 at 2015-10-17 16:25:26 -0400


Started GET "/assets/communication.js?body=1" for 109.242.74.182 at 2015-10-17 16:25:26 -0400


Started GET "/assets/messages.js?body=1" for 109.242.74.182 at 2015-10-17 16:25:26 -0400


Started GET "/assets/application.js?body=1" for 109.242.74.182 at 2015-10-17 16:25:26 -0400


Started GET "/communication.js" for 109.242.74.182 at 2015-10-17 16:25:26 -0400

ActionController::RoutingError (No route matches [GET] "/communication.js"):
  actionpack (4.1.1) lib/action_dispatch/middleware/debug_exceptions.rb:21:in `call'
  actionpack (4.1.1) lib/action_dispatch/middleware/show_exceptions.rb:30:in `call'
  railties (4.1.1) lib/rails/rack/logger.rb:38:in `call_app'
  railties (4.1.1) lib/rails/rack/logger.rb:20:in `block in call'
  activesupport (4.1.1) lib/active_support/tagged_logging.rb:68:in `block in tagged'
  activesupport (4.1.1) lib/active_support/tagged_logging.rb:26:in `tagged'
  activesupport (4.1.1) lib/active_support/tagged_logging.rb:68:in `tagged'
  railties (4.1.1) lib/rails/rack/logger.rb:20:in `call'
  actionpack (4.1.1) lib/action_dispatch/middleware/request_id.rb:21:in `call'
  rack (1.5.2) lib/rack/methodoverride.rb:21:in `call'
  rack (1.5.2) lib/rack/runtime.rb:17:in `call'
  activesupport (4.1.1) lib/active_support/cache/strategy/local_cache_middleware.rb:26:in `call'
  rack (1.5.2) lib/rack/lock.rb:17:in `call'
  actionpack (4.1.1) lib/action_dispatch/middleware/static.rb:64:in `call'
  rack (1.5.2) lib/rack/sendfile.rb:112:in `call'
  railties (4.1.1) lib/rails/engine.rb:514:in `call'
  railties (4.1.1) lib/rails/application.rb:144:in `call'
  rack (1.5.2) lib/rack/lock.rb:17:in `call'
  rack (1.5.2) lib/rack/content_length.rb:14:in `call'
  rack (1.5.2) lib/rack/handler/webrick.rb:60:in `service'
  /usr/lib/ruby/2.0.0/webrick/httpserver.rb:138:in `service'
  /usr/lib/ruby/2.0.0/webrick/httpserver.rb:94:in `run'
  /usr/lib/ruby/2.0.0/webrick/server.rb:295:in `block in start_thread'


  Rendered /var/lib/gems/2.0.0/gems/actionpack-4.1.1/lib/action_dispatch/middleware/templates/rescues/_trace.html.erb (1.0ms)
  Rendered /var/lib/gems/2.0.0/gems/actionpack-4.1.1/lib/action_dispatch/middleware/templates/routes/_route.html.erb (0.8ms)
  Rendered /var/lib/gems/2.0.0/gems/actionpack-4.1.1/lib/action_dispatch/middleware/templates/routes/_table.html.erb (1.0ms)
  Rendered /var/lib/gems/2.0.0/gems/actionpack-4.1.1/lib/action_dispatch/middleware/templates/rescues/routing_error.html.erb within rescues/layout (13.9ms)


Started GET "/messages?nonce=1445113569610" for 109.242.74.182 at 2015-10-17 16:25:36 -0400
Processing by MessagesController#index as HTML
  Parameters: {"nonce"=>"1445113569610"}
  [1m[35mMessage Load (0.2ms)[0m  SELECT "messages".* FROM "messages"
  Rendered messages/index.html.erb within layouts/application (1.1ms)
Completed 200 OK in 36ms (Views: 35.3ms | ActiveRecord: 0.2ms)


Started GET "/assets/messages.css?body=1" for 109.242.74.182 at 2015-10-17 16:25:36 -0400


Started GET "/assets/application.css?body=1" for 109.242.74.182 at 2015-10-17 16:25:36 -0400


Started GET "/assets/jquery.js?body=1" for 109.242.74.182 at 2015-10-17 16:25:36 -0400


Started GET "/assets/jquery_ujs.js?body=1" for 109.242.74.182 at 2015-10-17 16:25:36 -0400


Started GET "/assets/turbolinks.js?body=1" for 109.242.74.182 at 2015-10-17 16:25:36 -0400


Started GET "/assets/communication.js?body=1" for 109.242.74.182 at 2015-10-17 16:25:36 -0400


Started GET "/assets/messages.js?body=1" for 109.242.74.182 at 2015-10-17 16:25:36 -0400


Started GET "/assets/application.js?body=1" for 109.242.74.182 at 2015-10-17 16:25:36 -0400


Started GET "/communication.js" for 109.242.74.182 at 2015-10-17 16:25:36 -0400

ActionController::RoutingError (No route matches [GET] "/communication.js"):
  actionpack (4.1.1) lib/action_dispatch/middleware/debug_exceptions.rb:21:in `call'
  actionpack (4.1.1) lib/action_dispatch/middleware/show_exceptions.rb:30:in `call'
  railties (4.1.1) lib/rails/rack/logger.rb:38:in `call_app'
  railties (4.1.1) lib/rails/rack/logger.rb:20:in `block in call'
  activesupport (4.1.1) lib/active_support/tagged_logging.rb:68:in `block in tagged'
  activesupport (4.1.1) lib/active_support/tagged_logging.rb:26:in `tagged'
  activesupport (4.1.1) lib/active_support/tagged_logging.rb:68:in `tagged'
  railties (4.1.1) lib/rails/rack/logger.rb:20:in `call'
  actionpack (4.1.1) lib/action_dispatch/middleware/request_id.rb:21:in `call'
  rack (1.5.2) lib/rack/methodoverride.rb:21:in `call'
  rack (1.5.2) lib/rack/runtime.rb:17:in `call'
  activesupport (4.1.1) lib/active_support/cache/strategy/local_cache_middleware.rb:26:in `call'
  rack (1.5.2) lib/rack/lock.rb:17:in `call'
  actionpack (4.1.1) lib/action_dispatch/middleware/static.rb:64:in `call'
  rack (1.5.2) lib/rack/sendfile.rb:112:in `call'
  railties (4.1.1) lib/rails/engine.rb:514:in `call'
  railties (4.1.1) lib/rails/application.rb:144:in `call'
  rack (1.5.2) lib/rack/lock.rb:17:in `call'
  rack (1.5.2) lib/rack/content_length.rb:14:in `call'
  rack (1.5.2) lib/rack/handler/webrick.rb:60:in `service'
  /usr/lib/ruby/2.0.0/webrick/httpserver.rb:138:in `service'
  /usr/lib/ruby/2.0.0/webrick/httpserver.rb:94:in `run'
  /usr/lib/ruby/2.0.0/webrick/server.rb:295:in `block in start_thread'


  Rendered /var/lib/gems/2.0.0/gems/actionpack-4.1.1/lib/action_dispatch/middleware/templates/rescues/_trace.html.erb (1.0ms)
  Rendered /var/lib/gems/2.0.0/gems/actionpack-4.1.1/lib/action_dispatch/middleware/templates/routes/_route.html.erb (0.8ms)
  Rendered /var/lib/gems/2.0.0/gems/actionpack-4.1.1/lib/action_dispatch/middleware/templates/routes/_table.html.erb (1.0ms)
  Rendered /var/lib/gems/2.0.0/gems/actionpack-4.1.1/lib/action_dispatch/middleware/templates/rescues/routing_error.html.erb within rescues/layout (13.8ms)


Started GET "/messages?nonce=1445113574706" for 109.242.74.182 at 2015-10-17 16:25:41 -0400
Processing by MessagesController#index as HTML
  Parameters: {"nonce"=>"1445113574706"}
  [1m[36mMessage Load (0.2ms)[0m  [1mSELECT "messages".* FROM "messages"[0m
  Rendered messages/index.html.erb within layouts/application (1.1ms)
Completed 200 OK in 58ms (Views: 57.5ms | ActiveRecord: 0.2ms)


Started GET "/assets/messages.css?body=1" for 109.242.74.182 at 2015-10-17 16:25:41 -0400


Started GET "/assets/application.css?body=1" for 109.242.74.182 at 2015-10-17 16:25:41 -0400


Started GET "/assets/jquery.js?body=1" for 109.242.74.182 at 2015-10-17 16:25:41 -0400


Started GET "/assets/jquery_ujs.js?body=1" for 109.242.74.182 at 2015-10-17 16:25:41 -0400


Started GET "/assets/communication.js?body=1" for 109.242.74.182 at 2015-10-17 16:25:41 -0400


Started GET "/assets/turbolinks.js?body=1" for 109.242.74.182 at 2015-10-17 16:25:41 -0400


Started GET "/assets/messages.js?body=1" for 109.242.74.182 at 2015-10-17 16:25:41 -0400


Started GET "/assets/application.js?body=1" for 109.242.74.182 at 2015-10-17 16:25:41 -0400


Started GET "/communication.js" for 109.242.74.182 at 2015-10-17 16:25:41 -0400

ActionController::RoutingError (No route matches [GET] "/communication.js"):
  actionpack (4.1.1) lib/action_dispatch/middleware/debug_exceptions.rb:21:in `call'
  actionpack (4.1.1) lib/action_dispatch/middleware/show_exceptions.rb:30:in `call'
  railties (4.1.1) lib/rails/rack/logger.rb:38:in `call_app'
  railties (4.1.1) lib/rails/rack/logger.rb:20:in `block in call'
  activesupport (4.1.1) lib/active_support/tagged_logging.rb:68:in `block in tagged'
  activesupport (4.1.1) lib/active_support/tagged_logging.rb:26:in `tagged'
  activesupport (4.1.1) lib/active_support/tagged_logging.rb:68:in `tagged'
  railties (4.1.1) lib/rails/rack/logger.rb:20:in `call'
  actionpack (4.1.1) lib/action_dispatch/middleware/request_id.rb:21:in `call'
  rack (1.5.2) lib/rack/methodoverride.rb:21:in `call'
  rack (1.5.2) lib/rack/runtime.rb:17:in `call'
  activesupport (4.1.1) lib/active_support/cache/strategy/local_cache_middleware.rb:26:in `call'
  rack (1.5.2) lib/rack/lock.rb:17:in `call'
  actionpack (4.1.1) lib/action_dispatch/middleware/static.rb:64:in `call'
  rack (1.5.2) lib/rack/sendfile.rb:112:in `call'
  railties (4.1.1) lib/rails/engine.rb:514:in `call'
  railties (4.1.1) lib/rails/application.rb:144:in `call'
  rack (1.5.2) lib/rack/lock.rb:17:in `call'
  rack (1.5.2) lib/rack/content_length.rb:14:in `call'
  rack (1.5.2) lib/rack/handler/webrick.rb:60:in `service'
  /usr/lib/ruby/2.0.0/webrick/httpserver.rb:138:in `service'
  /usr/lib/ruby/2.0.0/webrick/httpserver.rb:94:in `run'
  /usr/lib/ruby/2.0.0/webrick/server.rb:295:in `block in start_thread'


  Rendered /var/lib/gems/2.0.0/gems/actionpack-4.1.1/lib/action_dispatch/middleware/templates/rescues/_trace.html.erb (0.9ms)
  Rendered /var/lib/gems/2.0.0/gems/actionpack-4.1.1/lib/action_dispatch/middleware/templates/routes/_route.html.erb (0.7ms)
  Rendered /var/lib/gems/2.0.0/gems/actionpack-4.1.1/lib/action_dispatch/middleware/templates/routes/_table.html.erb (0.9ms)
  Rendered /var/lib/gems/2.0.0/gems/actionpack-4.1.1/lib/action_dispatch/middleware/templates/rescues/routing_error.html.erb within rescues/layout (13.5ms)


Started GET "/messages?nonce=1445113588788" for 109.242.74.182 at 2015-10-17 16:25:55 -0400
Processing by MessagesController#index as HTML
  Parameters: {"nonce"=>"1445113588788"}
  [1m[35mMessage Load (0.3ms)[0m  SELECT "messages".* FROM "messages"
  Rendered messages/index.html.erb within layouts/application (1.7ms)
Completed 200 OK in 45ms (Views: 43.7ms | ActiveRecord: 0.3ms)


Started GET "/assets/messages.css?body=1" for 109.242.74.182 at 2015-10-17 16:25:55 -0400


Started GET "/assets/application.css?body=1" for 109.242.74.182 at 2015-10-17 16:25:55 -0400


Started GET "/assets/jquery.js?body=1" for 109.242.74.182 at 2015-10-17 16:25:56 -0400


Started GET "/assets/jquery_ujs.js?body=1" for 109.242.74.182 at 2015-10-17 16:25:56 -0400


Started GET "/assets/turbolinks.js?body=1" for 109.242.74.182 at 2015-10-17 16:25:56 -0400


Started GET "/assets/communication.js?body=1" for 109.242.74.182 at 2015-10-17 16:25:56 -0400


Started GET "/assets/messages.js?body=1" for 109.242.74.182 at 2015-10-17 16:25:56 -0400


Started GET "/assets/application.js?body=1" for 109.242.74.182 at 2015-10-17 16:25:56 -0400


Started GET "/communication.js" for 109.242.74.182 at 2015-10-17 16:25:56 -0400

ActionController::RoutingError (No route matches [GET] "/communication.js"):
  actionpack (4.1.1) lib/action_dispatch/middleware/debug_exceptions.rb:21:in `call'
  actionpack (4.1.1) lib/action_dispatch/middleware/show_exceptions.rb:30:in `call'
  railties (4.1.1) lib/rails/rack/logger.rb:38:in `call_app'
  railties (4.1.1) lib/rails/rack/logger.rb:20:in `block in call'
  activesupport (4.1.1) lib/active_support/tagged_logging.rb:68:in `block in tagged'
  activesupport (4.1.1) lib/active_support/tagged_logging.rb:26:in `tagged'
  activesupport (4.1.1) lib/active_support/tagged_logging.rb:68:in `tagged'
  railties (4.1.1) lib/rails/rack/logger.rb:20:in `call'
  actionpack (4.1.1) lib/action_dispatch/middleware/request_id.rb:21:in `call'
  rack (1.5.2) lib/rack/methodoverride.rb:21:in `call'
  rack (1.5.2) lib/rack/runtime.rb:17:in `call'
  activesupport (4.1.1) lib/active_support/cache/strategy/local_cache_middleware.rb:26:in `call'
  rack (1.5.2) lib/rack/lock.rb:17:in `call'
  actionpack (4.1.1) lib/action_dispatch/middleware/static.rb:64:in `call'
  rack (1.5.2) lib/rack/sendfile.rb:112:in `call'
  railties (4.1.1) lib/rails/engine.rb:514:in `call'
  railties (4.1.1) lib/rails/application.rb:144:in `call'
  rack (1.5.2) lib/rack/lock.rb:17:in `call'
  rack (1.5.2) lib/rack/content_length.rb:14:in `call'
  rack (1.5.2) lib/rack/handler/webrick.rb:60:in `service'
  /usr/lib/ruby/2.0.0/webrick/httpserver.rb:138:in `service'
  /usr/lib/ruby/2.0.0/webrick/httpserver.rb:94:in `run'
  /usr/lib/ruby/2.0.0/webrick/server.rb:295:in `block in start_thread'


  Rendered /var/lib/gems/2.0.0/gems/actionpack-4.1.1/lib/action_dispatch/middleware/templates/rescues/_trace.html.erb (0.9ms)
  Rendered /var/lib/gems/2.0.0/gems/actionpack-4.1.1/lib/action_dispatch/middleware/templates/routes/_route.html.erb (0.7ms)
  Rendered /var/lib/gems/2.0.0/gems/actionpack-4.1.1/lib/action_dispatch/middleware/templates/routes/_table.html.erb (0.9ms)
  Rendered /var/lib/gems/2.0.0/gems/actionpack-4.1.1/lib/action_dispatch/middleware/templates/rescues/routing_error.html.erb within rescues/layout (13.6ms)


Started GET "/messages?nonce=1445113672139" for 109.242.74.182 at 2015-10-17 16:27:19 -0400
Processing by MessagesController#index as HTML
  Parameters: {"nonce"=>"1445113672139"}
  [1m[36mMessage Load (0.2ms)[0m  [1mSELECT "messages".* FROM "messages"[0m
  Rendered messages/index.html.erb within layouts/application (1.1ms)
Completed 200 OK in 34ms (Views: 33.1ms | ActiveRecord: 0.2ms)


Started GET "/assets/messages.css?body=1" for 109.242.74.182 at 2015-10-17 16:27:19 -0400


Started GET "/assets/application.css?body=1" for 109.242.74.182 at 2015-10-17 16:27:19 -0400


Started GET "/assets/jquery.js?body=1" for 109.242.74.182 at 2015-10-17 16:27:19 -0400


Started GET "/assets/turbolinks.js?body=1" for 109.242.74.182 at 2015-10-17 16:27:19 -0400


Started GET "/assets/jquery_ujs.js?body=1" for 109.242.74.182 at 2015-10-17 16:27:19 -0400


Started GET "/assets/communication.js?body=1" for 109.242.74.182 at 2015-10-17 16:27:19 -0400


Started GET "/assets/messages.js?body=1" for 109.242.74.182 at 2015-10-17 16:27:19 -0400


Started GET "/assets/application.js?body=1" for 109.242.74.182 at 2015-10-17 16:27:19 -0400


Started GET "/communication.js" for 109.242.74.182 at 2015-10-17 16:27:20 -0400

ActionController::RoutingError (No route matches [GET] "/communication.js"):
  actionpack (4.1.1) lib/action_dispatch/middleware/debug_exceptions.rb:21:in `call'
  actionpack (4.1.1) lib/action_dispatch/middleware/show_exceptions.rb:30:in `call'
  railties (4.1.1) lib/rails/rack/logger.rb:38:in `call_app'
  railties (4.1.1) lib/rails/rack/logger.rb:20:in `block in call'
  activesupport (4.1.1) lib/active_support/tagged_logging.rb:68:in `block in tagged'
  activesupport (4.1.1) lib/active_support/tagged_logging.rb:26:in `tagged'
  activesupport (4.1.1) lib/active_support/tagged_logging.rb:68:in `tagged'
  railties (4.1.1) lib/rails/rack/logger.rb:20:in `call'
  actionpack (4.1.1) lib/action_dispatch/middleware/request_id.rb:21:in `call'
  rack (1.5.2) lib/rack/methodoverride.rb:21:in `call'
  rack (1.5.2) lib/rack/runtime.rb:17:in `call'
  activesupport (4.1.1) lib/active_support/cache/strategy/local_cache_middleware.rb:26:in `call'
  rack (1.5.2) lib/rack/lock.rb:17:in `call'
  actionpack (4.1.1) lib/action_dispatch/middleware/static.rb:64:in `call'
  rack (1.5.2) lib/rack/sendfile.rb:112:in `call'
  railties (4.1.1) lib/rails/engine.rb:514:in `call'
  railties (4.1.1) lib/rails/application.rb:144:in `call'
  rack (1.5.2) lib/rack/lock.rb:17:in `call'
  rack (1.5.2) lib/rack/content_length.rb:14:in `call'
  rack (1.5.2) lib/rack/handler/webrick.rb:60:in `service'
  /usr/lib/ruby/2.0.0/webrick/httpserver.rb:138:in `service'
  /usr/lib/ruby/2.0.0/webrick/httpserver.rb:94:in `run'
  /usr/lib/ruby/2.0.0/webrick/server.rb:295:in `block in start_thread'


  Rendered /var/lib/gems/2.0.0/gems/actionpack-4.1.1/lib/action_dispatch/middleware/templates/rescues/_trace.html.erb (1.3ms)
  Rendered /var/lib/gems/2.0.0/gems/actionpack-4.1.1/lib/action_dispatch/middleware/templates/routes/_route.html.erb (0.8ms)
  Rendered /var/lib/gems/2.0.0/gems/actionpack-4.1.1/lib/action_dispatch/middleware/templates/routes/_table.html.erb (1.0ms)
  Rendered /var/lib/gems/2.0.0/gems/actionpack-4.1.1/lib/action_dispatch/middleware/templates/rescues/routing_error.html.erb within rescues/layout (14.1ms)


Started GET "/messages?nonce=1445113690580" for 109.242.74.182 at 2015-10-17 16:27:37 -0400
Processing by MessagesController#index as HTML
  Parameters: {"nonce"=>"1445113690580"}
  [1m[35mMessage Load (0.2ms)[0m  SELECT "messages".* FROM "messages"
  Rendered messages/index.html.erb within layouts/application (1.1ms)
Completed 200 OK in 36ms (Views: 35.4ms | ActiveRecord: 0.2ms)


Started GET "/assets/messages.css?body=1" for 109.242.74.182 at 2015-10-17 16:27:37 -0400


Started GET "/assets/application.css?body=1" for 109.242.74.182 at 2015-10-17 16:27:37 -0400


Started GET "/assets/jquery.js?body=1" for 109.242.74.182 at 2015-10-17 16:27:37 -0400


Started GET "/assets/jquery_ujs.js?body=1" for 109.242.74.182 at 2015-10-17 16:27:37 -0400


Started GET "/assets/turbolinks.js?body=1" for 109.242.74.182 at 2015-10-17 16:27:37 -0400


Started GET "/assets/communication.js?body=1" for 109.242.74.182 at 2015-10-17 16:27:37 -0400


Started GET "/assets/messages.js?body=1" for 109.242.74.182 at 2015-10-17 16:27:37 -0400


Started GET "/assets/application.js?body=1" for 109.242.74.182 at 2015-10-17 16:27:37 -0400


Started GET "/communication.js" for 109.242.74.182 at 2015-10-17 16:27:37 -0400

ActionController::RoutingError (No route matches [GET] "/communication.js"):
  actionpack (4.1.1) lib/action_dispatch/middleware/debug_exceptions.rb:21:in `call'
  actionpack (4.1.1) lib/action_dispatch/middleware/show_exceptions.rb:30:in `call'
  railties (4.1.1) lib/rails/rack/logger.rb:38:in `call_app'
  railties (4.1.1) lib/rails/rack/logger.rb:20:in `block in call'
  activesupport (4.1.1) lib/active_support/tagged_logging.rb:68:in `block in tagged'
  activesupport (4.1.1) lib/active_support/tagged_logging.rb:26:in `tagged'
  activesupport (4.1.1) lib/active_support/tagged_logging.rb:68:in `tagged'
  railties (4.1.1) lib/rails/rack/logger.rb:20:in `call'
  actionpack (4.1.1) lib/action_dispatch/middleware/request_id.rb:21:in `call'
  rack (1.5.2) lib/rack/methodoverride.rb:21:in `call'
  rack (1.5.2) lib/rack/runtime.rb:17:in `call'
  activesupport (4.1.1) lib/active_support/cache/strategy/local_cache_middleware.rb:26:in `call'
  rack (1.5.2) lib/rack/lock.rb:17:in `call'
  actionpack (4.1.1) lib/action_dispatch/middleware/static.rb:64:in `call'
  rack (1.5.2) lib/rack/sendfile.rb:112:in `call'
  railties (4.1.1) lib/rails/engine.rb:514:in `call'
  railties (4.1.1) lib/rails/application.rb:144:in `call'
  rack (1.5.2) lib/rack/lock.rb:17:in `call'
  rack (1.5.2) lib/rack/content_length.rb:14:in `call'
  rack (1.5.2) lib/rack/handler/webrick.rb:60:in `service'
  /usr/lib/ruby/2.0.0/webrick/httpserver.rb:138:in `service'
  /usr/lib/ruby/2.0.0/webrick/httpserver.rb:94:in `run'
  /usr/lib/ruby/2.0.0/webrick/server.rb:295:in `block in start_thread'


  Rendered /var/lib/gems/2.0.0/gems/actionpack-4.1.1/lib/action_dispatch/middleware/templates/rescues/_trace.html.erb (2.0ms)
  Rendered /var/lib/gems/2.0.0/gems/actionpack-4.1.1/lib/action_dispatch/middleware/templates/routes/_route.html.erb (0.8ms)
  Rendered /var/lib/gems/2.0.0/gems/actionpack-4.1.1/lib/action_dispatch/middleware/templates/routes/_table.html.erb (2.2ms)
  Rendered /var/lib/gems/2.0.0/gems/actionpack-4.1.1/lib/action_dispatch/middleware/templates/rescues/routing_error.html.erb within rescues/layout (16.0ms)


Started GET "/messages?nonce=1445113699588" for 109.242.74.182 at 2015-10-17 16:27:46 -0400
Processing by MessagesController#index as HTML
  Parameters: {"nonce"=>"1445113699588"}
  [1m[36mMessage Load (0.2ms)[0m  [1mSELECT "messages".* FROM "messages"[0m
  Rendered messages/index.html.erb within layouts/application (1.1ms)
Completed 200 OK in 42ms (Views: 41.5ms | ActiveRecord: 0.2ms)


Started GET "/assets/messages.css?body=1" for 109.242.74.182 at 2015-10-17 16:27:46 -0400


Started GET "/assets/application.css?body=1" for 109.242.74.182 at 2015-10-17 16:27:46 -0400


Started GET "/assets/jquery_ujs.js?body=1" for 109.242.74.182 at 2015-10-17 16:27:46 -0400


Started GET "/assets/jquery.js?body=1" for 109.242.74.182 at 2015-10-17 16:27:46 -0400


Started GET "/assets/turbolinks.js?body=1" for 109.242.74.182 at 2015-10-17 16:27:46 -0400


Started GET "/assets/communication.js?body=1" for 109.242.74.182 at 2015-10-17 16:27:46 -0400


Started GET "/assets/messages.js?body=1" for 109.242.74.182 at 2015-10-17 16:27:46 -0400


Started GET "/assets/application.js?body=1" for 109.242.74.182 at 2015-10-17 16:27:46 -0400


Started GET "/communication.js" for 109.242.74.182 at 2015-10-17 16:27:46 -0400

ActionController::RoutingError (No route matches [GET] "/communication.js"):
  actionpack (4.1.1) lib/action_dispatch/middleware/debug_exceptions.rb:21:in `call'
  actionpack (4.1.1) lib/action_dispatch/middleware/show_exceptions.rb:30:in `call'
  railties (4.1.1) lib/rails/rack/logger.rb:38:in `call_app'
  railties (4.1.1) lib/rails/rack/logger.rb:20:in `block in call'
  activesupport (4.1.1) lib/active_support/tagged_logging.rb:68:in `block in tagged'
  activesupport (4.1.1) lib/active_support/tagged_logging.rb:26:in `tagged'
  activesupport (4.1.1) lib/active_support/tagged_logging.rb:68:in `tagged'
  railties (4.1.1) lib/rails/rack/logger.rb:20:in `call'
  actionpack (4.1.1) lib/action_dispatch/middleware/request_id.rb:21:in `call'
  rack (1.5.2) lib/rack/methodoverride.rb:21:in `call'
  rack (1.5.2) lib/rack/runtime.rb:17:in `call'
  activesupport (4.1.1) lib/active_support/cache/strategy/local_cache_middleware.rb:26:in `call'
  rack (1.5.2) lib/rack/lock.rb:17:in `call'
  actionpack (4.1.1) lib/action_dispatch/middleware/static.rb:64:in `call'
  rack (1.5.2) lib/rack/sendfile.rb:112:in `call'
  railties (4.1.1) lib/rails/engine.rb:514:in `call'
  railties (4.1.1) lib/rails/application.rb:144:in `call'
  rack (1.5.2) lib/rack/lock.rb:17:in `call'
  rack (1.5.2) lib/rack/content_length.rb:14:in `call'
  rack (1.5.2) lib/rack/handler/webrick.rb:60:in `service'
  /usr/lib/ruby/2.0.0/webrick/httpserver.rb:138:in `service'
  /usr/lib/ruby/2.0.0/webrick/httpserver.rb:94:in `run'
  /usr/lib/ruby/2.0.0/webrick/server.rb:295:in `block in start_thread'


  Rendered /var/lib/gems/2.0.0/gems/actionpack-4.1.1/lib/action_dispatch/middleware/templates/rescues/_trace.html.erb (1.1ms)
  Rendered /var/lib/gems/2.0.0/gems/actionpack-4.1.1/lib/action_dispatch/middleware/templates/routes/_route.html.erb (0.8ms)
  Rendered /var/lib/gems/2.0.0/gems/actionpack-4.1.1/lib/action_dispatch/middleware/templates/routes/_table.html.erb (1.0ms)
  Rendered /var/lib/gems/2.0.0/gems/actionpack-4.1.1/lib/action_dispatch/middleware/templates/rescues/routing_error.html.erb within rescues/layout (13.9ms)


Started GET "/messages?nonce=1445113709899" for 109.242.74.182 at 2015-10-17 16:27:56 -0400
Processing by MessagesController#index as HTML
  Parameters: {"nonce"=>"1445113709899"}
  [1m[35mMessage Load (0.3ms)[0m  SELECT "messages".* FROM "messages"
  Rendered messages/index.html.erb within layouts/application (1.7ms)
Completed 200 OK in 40ms (Views: 38.7ms | ActiveRecord: 0.3ms)


Started GET "/assets/application.css?body=1" for 109.242.74.182 at 2015-10-17 16:27:56 -0400


Started GET "/assets/messages.css?body=1" for 109.242.74.182 at 2015-10-17 16:27:56 -0400


Started GET "/assets/jquery.js?body=1" for 109.242.74.182 at 2015-10-17 16:27:56 -0400


Started GET "/assets/turbolinks.js?body=1" for 109.242.74.182 at 2015-10-17 16:27:57 -0400


Started GET "/assets/jquery_ujs.js?body=1" for 109.242.74.182 at 2015-10-17 16:27:57 -0400


Started GET "/assets/communication.js?body=1" for 109.242.74.182 at 2015-10-17 16:27:57 -0400


Started GET "/assets/messages.js?body=1" for 109.242.74.182 at 2015-10-17 16:27:57 -0400


Started GET "/assets/application.js?body=1" for 109.242.74.182 at 2015-10-17 16:27:57 -0400


Started GET "/communication.js" for 109.242.74.182 at 2015-10-17 16:27:57 -0400

ActionController::RoutingError (No route matches [GET] "/communication.js"):
  actionpack (4.1.1) lib/action_dispatch/middleware/debug_exceptions.rb:21:in `call'
  actionpack (4.1.1) lib/action_dispatch/middleware/show_exceptions.rb:30:in `call'
  railties (4.1.1) lib/rails/rack/logger.rb:38:in `call_app'
  railties (4.1.1) lib/rails/rack/logger.rb:20:in `block in call'
  activesupport (4.1.1) lib/active_support/tagged_logging.rb:68:in `block in tagged'
  activesupport (4.1.1) lib/active_support/tagged_logging.rb:26:in `tagged'
  activesupport (4.1.1) lib/active_support/tagged_logging.rb:68:in `tagged'
  railties (4.1.1) lib/rails/rack/logger.rb:20:in `call'
  actionpack (4.1.1) lib/action_dispatch/middleware/request_id.rb:21:in `call'
  rack (1.5.2) lib/rack/methodoverride.rb:21:in `call'
  rack (1.5.2) lib/rack/runtime.rb:17:in `call'
  activesupport (4.1.1) lib/active_support/cache/strategy/local_cache_middleware.rb:26:in `call'
  rack (1.5.2) lib/rack/lock.rb:17:in `call'
  actionpack (4.1.1) lib/action_dispatch/middleware/static.rb:64:in `call'
  rack (1.5.2) lib/rack/sendfile.rb:112:in `call'
  railties (4.1.1) lib/rails/engine.rb:514:in `call'
  railties (4.1.1) lib/rails/application.rb:144:in `call'
  rack (1.5.2) lib/rack/lock.rb:17:in `call'
  rack (1.5.2) lib/rack/content_length.rb:14:in `call'
  rack (1.5.2) lib/rack/handler/webrick.rb:60:in `service'
  /usr/lib/ruby/2.0.0/webrick/httpserver.rb:138:in `service'
  /usr/lib/ruby/2.0.0/webrick/httpserver.rb:94:in `run'
  /usr/lib/ruby/2.0.0/webrick/server.rb:295:in `block in start_thread'


  Rendered /var/lib/gems/2.0.0/gems/actionpack-4.1.1/lib/action_dispatch/middleware/templates/rescues/_trace.html.erb (0.9ms)
  Rendered /var/lib/gems/2.0.0/gems/actionpack-4.1.1/lib/action_dispatch/middleware/templates/routes/_route.html.erb (0.8ms)
  Rendered /var/lib/gems/2.0.0/gems/actionpack-4.1.1/lib/action_dispatch/middleware/templates/routes/_table.html.erb (0.9ms)
  Rendered /var/lib/gems/2.0.0/gems/actionpack-4.1.1/lib/action_dispatch/middleware/templates/rescues/routing_error.html.erb within rescues/layout (15.2ms)


Started GET "/messages?nonce=1445113721130" for 109.242.74.182 at 2015-10-17 16:28:07 -0400
Processing by MessagesController#index as HTML
  Parameters: {"nonce"=>"1445113721130"}
  [1m[36mMessage Load (0.2ms)[0m  [1mSELECT "messages".* FROM "messages"[0m
  Rendered messages/index.html.erb within layouts/application (1.3ms)
Completed 200 OK in 44ms (Views: 43.2ms | ActiveRecord: 0.2ms)


Started GET "/assets/messages.css?body=1" for 109.242.74.182 at 2015-10-17 16:28:08 -0400


Started GET "/assets/application.css?body=1" for 109.242.74.182 at 2015-10-17 16:28:08 -0400


Started GET "/assets/jquery.js?body=1" for 109.242.74.182 at 2015-10-17 16:28:08 -0400


Started GET "/assets/jquery_ujs.js?body=1" for 109.242.74.182 at 2015-10-17 16:28:08 -0400


Started GET "/assets/turbolinks.js?body=1" for 109.242.74.182 at 2015-10-17 16:28:08 -0400


Started GET "/assets/communication.js?body=1" for 109.242.74.182 at 2015-10-17 16:28:08 -0400


Started GET "/assets/messages.js?body=1" for 109.242.74.182 at 2015-10-17 16:28:08 -0400


Started GET "/assets/application.js?body=1" for 109.242.74.182 at 2015-10-17 16:28:08 -0400


Started GET "/communication.js" for 109.242.74.182 at 2015-10-17 16:28:08 -0400

ActionController::RoutingError (No route matches [GET] "/communication.js"):
  actionpack (4.1.1) lib/action_dispatch/middleware/debug_exceptions.rb:21:in `call'
  actionpack (4.1.1) lib/action_dispatch/middleware/show_exceptions.rb:30:in `call'
  railties (4.1.1) lib/rails/rack/logger.rb:38:in `call_app'
  railties (4.1.1) lib/rails/rack/logger.rb:20:in `block in call'
  activesupport (4.1.1) lib/active_support/tagged_logging.rb:68:in `block in tagged'
  activesupport (4.1.1) lib/active_support/tagged_logging.rb:26:in `tagged'
  activesupport (4.1.1) lib/active_support/tagged_logging.rb:68:in `tagged'
  railties (4.1.1) lib/rails/rack/logger.rb:20:in `call'
  actionpack (4.1.1) lib/action_dispatch/middleware/request_id.rb:21:in `call'
  rack (1.5.2) lib/rack/methodoverride.rb:21:in `call'
  rack (1.5.2) lib/rack/runtime.rb:17:in `call'
  activesupport (4.1.1) lib/active_support/cache/strategy/local_cache_middleware.rb:26:in `call'
  rack (1.5.2) lib/rack/lock.rb:17:in `call'
  actionpack (4.1.1) lib/action_dispatch/middleware/static.rb:64:in `call'
  rack (1.5.2) lib/rack/sendfile.rb:112:in `call'
  railties (4.1.1) lib/rails/engine.rb:514:in `call'
  railties (4.1.1) lib/rails/application.rb:144:in `call'
  rack (1.5.2) lib/rack/lock.rb:17:in `call'
  rack (1.5.2) lib/rack/content_length.rb:14:in `call'
  rack (1.5.2) lib/rack/handler/webrick.rb:60:in `service'
  /usr/lib/ruby/2.0.0/webrick/httpserver.rb:138:in `service'
  /usr/lib/ruby/2.0.0/webrick/httpserver.rb:94:in `run'
  /usr/lib/ruby/2.0.0/webrick/server.rb:295:in `block in start_thread'


  Rendered /var/lib/gems/2.0.0/gems/actionpack-4.1.1/lib/action_dispatch/middleware/templates/rescues/_trace.html.erb (0.9ms)
  Rendered /var/lib/gems/2.0.0/gems/actionpack-4.1.1/lib/action_dispatch/middleware/templates/routes/_route.html.erb (0.7ms)
  Rendered /var/lib/gems/2.0.0/gems/actionpack-4.1.1/lib/action_dispatch/middleware/templates/routes/_table.html.erb (0.9ms)
  Rendered /var/lib/gems/2.0.0/gems/actionpack-4.1.1/lib/action_dispatch/middleware/templates/rescues/routing_error.html.erb within rescues/layout (13.4ms)


Started GET "/messages?nonce=1445113744707" for 109.242.74.182 at 2015-10-17 16:28:31 -0400
Processing by MessagesController#index as HTML
  Parameters: {"nonce"=>"1445113744707"}
  [1m[35mMessage Load (0.2ms)[0m  SELECT "messages".* FROM "messages"
  Rendered messages/index.html.erb within layouts/application (1.1ms)
Completed 200 OK in 34ms (Views: 32.7ms | ActiveRecord: 0.2ms)


Started GET "/assets/messages.css?body=1" for 109.242.74.182 at 2015-10-17 16:28:31 -0400


Started GET "/assets/application.css?body=1" for 109.242.74.182 at 2015-10-17 16:28:31 -0400


Started GET "/assets/jquery.js?body=1" for 109.242.74.182 at 2015-10-17 16:28:31 -0400


Started GET "/assets/jquery_ujs.js?body=1" for 109.242.74.182 at 2015-10-17 16:28:31 -0400


Started GET "/assets/turbolinks.js?body=1" for 109.242.74.182 at 2015-10-17 16:28:31 -0400


Started GET "/assets/communication.js?body=1" for 109.242.74.182 at 2015-10-17 16:28:31 -0400


Started GET "/assets/messages.js?body=1" for 109.242.74.182 at 2015-10-17 16:28:31 -0400


Started GET "/assets/application.js?body=1" for 109.242.74.182 at 2015-10-17 16:28:31 -0400


Started GET "/communication.js" for 109.242.74.182 at 2015-10-17 16:28:31 -0400

ActionController::RoutingError (No route matches [GET] "/communication.js"):
  actionpack (4.1.1) lib/action_dispatch/middleware/debug_exceptions.rb:21:in `call'
  actionpack (4.1.1) lib/action_dispatch/middleware/show_exceptions.rb:30:in `call'
  railties (4.1.1) lib/rails/rack/logger.rb:38:in `call_app'
  railties (4.1.1) lib/rails/rack/logger.rb:20:in `block in call'
  activesupport (4.1.1) lib/active_support/tagged_logging.rb:68:in `block in tagged'
  activesupport (4.1.1) lib/active_support/tagged_logging.rb:26:in `tagged'
  activesupport (4.1.1) lib/active_support/tagged_logging.rb:68:in `tagged'
  railties (4.1.1) lib/rails/rack/logger.rb:20:in `call'
  actionpack (4.1.1) lib/action_dispatch/middleware/request_id.rb:21:in `call'
  rack (1.5.2) lib/rack/methodoverride.rb:21:in `call'
  rack (1.5.2) lib/rack/runtime.rb:17:in `call'
  activesupport (4.1.1) lib/active_support/cache/strategy/local_cache_middleware.rb:26:in `call'
  rack (1.5.2) lib/rack/lock.rb:17:in `call'
  actionpack (4.1.1) lib/action_dispatch/middleware/static.rb:64:in `call'
  rack (1.5.2) lib/rack/sendfile.rb:112:in `call'
  railties (4.1.1) lib/rails/engine.rb:514:in `call'
  railties (4.1.1) lib/rails/application.rb:144:in `call'
  rack (1.5.2) lib/rack/lock.rb:17:in `call'
  rack (1.5.2) lib/rack/content_length.rb:14:in `call'
  rack (1.5.2) lib/rack/handler/webrick.rb:60:in `service'
  /usr/lib/ruby/2.0.0/webrick/httpserver.rb:138:in `service'
  /usr/lib/ruby/2.0.0/webrick/httpserver.rb:94:in `run'
  /usr/lib/ruby/2.0.0/webrick/server.rb:295:in `block in start_thread'


  Rendered /var/lib/gems/2.0.0/gems/actionpack-4.1.1/lib/action_dispatch/middleware/templates/rescues/_trace.html.erb (1.5ms)
  Rendered /var/lib/gems/2.0.0/gems/actionpack-4.1.1/lib/action_dispatch/middleware/templates/routes/_route.html.erb (0.9ms)
  Rendered /var/lib/gems/2.0.0/gems/actionpack-4.1.1/lib/action_dispatch/middleware/templates/routes/_table.html.erb (0.9ms)
  Rendered /var/lib/gems/2.0.0/gems/actionpack-4.1.1/lib/action_dispatch/middleware/templates/rescues/routing_error.html.erb within rescues/layout (14.6ms)


Started GET "/messages?nonce=1445113753010" for 109.242.74.182 at 2015-10-17 16:28:39 -0400
Processing by MessagesController#index as HTML
  Parameters: {"nonce"=>"1445113753010"}
  [1m[36mMessage Load (0.2ms)[0m  [1mSELECT "messages".* FROM "messages"[0m
  Rendered messages/index.html.erb within layouts/application (1.1ms)
Completed 200 OK in 34ms (Views: 33.1ms | ActiveRecord: 0.2ms)


Started GET "/assets/messages.css?body=1" for 109.242.74.182 at 2015-10-17 16:28:39 -0400


Started GET "/assets/application.css?body=1" for 109.242.74.182 at 2015-10-17 16:28:39 -0400


Started GET "/assets/jquery.js?body=1" for 109.242.74.182 at 2015-10-17 16:28:40 -0400


Started GET "/assets/jquery_ujs.js?body=1" for 109.242.74.182 at 2015-10-17 16:28:40 -0400


Started GET "/assets/turbolinks.js?body=1" for 109.242.74.182 at 2015-10-17 16:28:40 -0400


Started GET "/assets/communication.js?body=1" for 109.242.74.182 at 2015-10-17 16:28:40 -0400


Started GET "/assets/messages.js?body=1" for 109.242.74.182 at 2015-10-17 16:28:40 -0400


Started GET "/assets/application.js?body=1" for 109.242.74.182 at 2015-10-17 16:28:40 -0400


Started GET "/communication.js" for 109.242.74.182 at 2015-10-17 16:28:40 -0400

ActionController::RoutingError (No route matches [GET] "/communication.js"):
  actionpack (4.1.1) lib/action_dispatch/middleware/debug_exceptions.rb:21:in `call'
  actionpack (4.1.1) lib/action_dispatch/middleware/show_exceptions.rb:30:in `call'
  railties (4.1.1) lib/rails/rack/logger.rb:38:in `call_app'
  railties (4.1.1) lib/rails/rack/logger.rb:20:in `block in call'
  activesupport (4.1.1) lib/active_support/tagged_logging.rb:68:in `block in tagged'
  activesupport (4.1.1) lib/active_support/tagged_logging.rb:26:in `tagged'
  activesupport (4.1.1) lib/active_support/tagged_logging.rb:68:in `tagged'
  railties (4.1.1) lib/rails/rack/logger.rb:20:in `call'
  actionpack (4.1.1) lib/action_dispatch/middleware/request_id.rb:21:in `call'
  rack (1.5.2) lib/rack/methodoverride.rb:21:in `call'
  rack (1.5.2) lib/rack/runtime.rb:17:in `call'
  activesupport (4.1.1) lib/active_support/cache/strategy/local_cache_middleware.rb:26:in `call'
  rack (1.5.2) lib/rack/lock.rb:17:in `call'
  actionpack (4.1.1) lib/action_dispatch/middleware/static.rb:64:in `call'
  rack (1.5.2) lib/rack/sendfile.rb:112:in `call'
  railties (4.1.1) lib/rails/engine.rb:514:in `call'
  railties (4.1.1) lib/rails/application.rb:144:in `call'
  rack (1.5.2) lib/rack/lock.rb:17:in `call'
  rack (1.5.2) lib/rack/content_length.rb:14:in `call'
  rack (1.5.2) lib/rack/handler/webrick.rb:60:in `service'
  /usr/lib/ruby/2.0.0/webrick/httpserver.rb:138:in `service'
  /usr/lib/ruby/2.0.0/webrick/httpserver.rb:94:in `run'
  /usr/lib/ruby/2.0.0/webrick/server.rb:295:in `block in start_thread'


  Rendered /var/lib/gems/2.0.0/gems/actionpack-4.1.1/lib/action_dispatch/middleware/templates/rescues/_trace.html.erb (0.9ms)
  Rendered /var/lib/gems/2.0.0/gems/actionpack-4.1.1/lib/action_dispatch/middleware/templates/routes/_route.html.erb (0.8ms)
  Rendered /var/lib/gems/2.0.0/gems/actionpack-4.1.1/lib/action_dispatch/middleware/templates/routes/_table.html.erb (0.9ms)
  Rendered /var/lib/gems/2.0.0/gems/actionpack-4.1.1/lib/action_dispatch/middleware/templates/rescues/routing_error.html.erb within rescues/layout (13.4ms)


Started GET "/messages?nonce=1445113758587" for 109.242.74.182 at 2015-10-17 16:28:45 -0400
Processing by MessagesController#index as HTML
  Parameters: {"nonce"=>"1445113758587"}
  [1m[35mMessage Load (0.2ms)[0m  SELECT "messages".* FROM "messages"
  Rendered messages/index.html.erb within layouts/application (1.1ms)
Completed 200 OK in 34ms (Views: 33.0ms | ActiveRecord: 0.2ms)


Started GET "/assets/application.css?body=1" for 109.242.74.182 at 2015-10-17 16:28:45 -0400


Started GET "/assets/messages.css?body=1" for 109.242.74.182 at 2015-10-17 16:28:45 -0400


Started GET "/assets/jquery.js?body=1" for 109.242.74.182 at 2015-10-17 16:28:45 -0400


Started GET "/assets/jquery_ujs.js?body=1" for 109.242.74.182 at 2015-10-17 16:28:45 -0400


Started GET "/assets/turbolinks.js?body=1" for 109.242.74.182 at 2015-10-17 16:28:45 -0400


Started GET "/assets/communication.js?body=1" for 109.242.74.182 at 2015-10-17 16:28:45 -0400


Started GET "/assets/messages.js?body=1" for 109.242.74.182 at 2015-10-17 16:28:45 -0400


Started GET "/assets/application.js?body=1" for 109.242.74.182 at 2015-10-17 16:28:45 -0400


Started GET "/communication.js" for 109.242.74.182 at 2015-10-17 16:28:45 -0400

ActionController::RoutingError (No route matches [GET] "/communication.js"):
  actionpack (4.1.1) lib/action_dispatch/middleware/debug_exceptions.rb:21:in `call'
  actionpack (4.1.1) lib/action_dispatch/middleware/show_exceptions.rb:30:in `call'
  railties (4.1.1) lib/rails/rack/logger.rb:38:in `call_app'
  railties (4.1.1) lib/rails/rack/logger.rb:20:in `block in call'
  activesupport (4.1.1) lib/active_support/tagged_logging.rb:68:in `block in tagged'
  activesupport (4.1.1) lib/active_support/tagged_logging.rb:26:in `tagged'
  activesupport (4.1.1) lib/active_support/tagged_logging.rb:68:in `tagged'
  railties (4.1.1) lib/rails/rack/logger.rb:20:in `call'
  actionpack (4.1.1) lib/action_dispatch/middleware/request_id.rb:21:in `call'
  rack (1.5.2) lib/rack/methodoverride.rb:21:in `call'
  rack (1.5.2) lib/rack/runtime.rb:17:in `call'
  activesupport (4.1.1) lib/active_support/cache/strategy/local_cache_middleware.rb:26:in `call'
  rack (1.5.2) lib/rack/lock.rb:17:in `call'
  actionpack (4.1.1) lib/action_dispatch/middleware/static.rb:64:in `call'
  rack (1.5.2) lib/rack/sendfile.rb:112:in `call'
  railties (4.1.1) lib/rails/engine.rb:514:in `call'
  railties (4.1.1) lib/rails/application.rb:144:in `call'
  rack (1.5.2) lib/rack/lock.rb:17:in `call'
  rack (1.5.2) lib/rack/content_length.rb:14:in `call'
  rack (1.5.2) lib/rack/handler/webrick.rb:60:in `service'
  /usr/lib/ruby/2.0.0/webrick/httpserver.rb:138:in `service'
  /usr/lib/ruby/2.0.0/webrick/httpserver.rb:94:in `run'
  /usr/lib/ruby/2.0.0/webrick/server.rb:295:in `block in start_thread'


  Rendered /var/lib/gems/2.0.0/gems/actionpack-4.1.1/lib/action_dispatch/middleware/templates/rescues/_trace.html.erb (1.0ms)
  Rendered /var/lib/gems/2.0.0/gems/actionpack-4.1.1/lib/action_dispatch/middleware/templates/routes/_route.html.erb (0.7ms)
  Rendered /var/lib/gems/2.0.0/gems/actionpack-4.1.1/lib/action_dispatch/middleware/templates/routes/_table.html.erb (1.0ms)
  Rendered /var/lib/gems/2.0.0/gems/actionpack-4.1.1/lib/action_dispatch/middleware/templates/rescues/routing_error.html.erb within rescues/layout (13.6ms)


Started GET "/messages?nonce=1445113809428" for 109.242.74.182 at 2015-10-17 16:29:36 -0400
Processing by MessagesController#index as HTML
  Parameters: {"nonce"=>"1445113809428"}
  [1m[36mMessage Load (0.2ms)[0m  [1mSELECT "messages".* FROM "messages"[0m
  Rendered messages/index.html.erb within layouts/application (1.1ms)
Completed 200 OK in 33ms (Views: 31.9ms | ActiveRecord: 0.2ms)


Started GET "/assets/messages.css?body=1" for 109.242.74.182 at 2015-10-17 16:29:36 -0400


Started GET "/assets/application.css?body=1" for 109.242.74.182 at 2015-10-17 16:29:36 -0400


Started GET "/assets/jquery.js?body=1" for 109.242.74.182 at 2015-10-17 16:29:36 -0400


Started GET "/assets/jquery_ujs.js?body=1" for 109.242.74.182 at 2015-10-17 16:29:36 -0400


Started GET "/assets/turbolinks.js?body=1" for 109.242.74.182 at 2015-10-17 16:29:36 -0400


Started GET "/assets/communication.js?body=1" for 109.242.74.182 at 2015-10-17 16:29:36 -0400


Started GET "/assets/messages.js?body=1" for 109.242.74.182 at 2015-10-17 16:29:36 -0400


Started GET "/assets/application.js?body=1" for 109.242.74.182 at 2015-10-17 16:29:36 -0400


Started GET "/communication.js" for 109.242.74.182 at 2015-10-17 16:29:36 -0400

ActionController::RoutingError (No route matches [GET] "/communication.js"):
  actionpack (4.1.1) lib/action_dispatch/middleware/debug_exceptions.rb:21:in `call'
  actionpack (4.1.1) lib/action_dispatch/middleware/show_exceptions.rb:30:in `call'
  railties (4.1.1) lib/rails/rack/logger.rb:38:in `call_app'
  railties (4.1.1) lib/rails/rack/logger.rb:20:in `block in call'
  activesupport (4.1.1) lib/active_support/tagged_logging.rb:68:in `block in tagged'
  activesupport (4.1.1) lib/active_support/tagged_logging.rb:26:in `tagged'
  activesupport (4.1.1) lib/active_support/tagged_logging.rb:68:in `tagged'
  railties (4.1.1) lib/rails/rack/logger.rb:20:in `call'
  actionpack (4.1.1) lib/action_dispatch/middleware/request_id.rb:21:in `call'
  rack (1.5.2) lib/rack/methodoverride.rb:21:in `call'
  rack (1.5.2) lib/rack/runtime.rb:17:in `call'
  activesupport (4.1.1) lib/active_support/cache/strategy/local_cache_middleware.rb:26:in `call'
  rack (1.5.2) lib/rack/lock.rb:17:in `call'
  actionpack (4.1.1) lib/action_dispatch/middleware/static.rb:64:in `call'
  rack (1.5.2) lib/rack/sendfile.rb:112:in `call'
  railties (4.1.1) lib/rails/engine.rb:514:in `call'
  railties (4.1.1) lib/rails/application.rb:144:in `call'
  rack (1.5.2) lib/rack/lock.rb:17:in `call'
  rack (1.5.2) lib/rack/content_length.rb:14:in `call'
  rack (1.5.2) lib/rack/handler/webrick.rb:60:in `service'
  /usr/lib/ruby/2.0.0/webrick/httpserver.rb:138:in `service'
  /usr/lib/ruby/2.0.0/webrick/httpserver.rb:94:in `run'
  /usr/lib/ruby/2.0.0/webrick/server.rb:295:in `block in start_thread'


  Rendered /var/lib/gems/2.0.0/gems/actionpack-4.1.1/lib/action_dispatch/middleware/templates/rescues/_trace.html.erb (0.9ms)
  Rendered /var/lib/gems/2.0.0/gems/actionpack-4.1.1/lib/action_dispatch/middleware/templates/routes/_route.html.erb (25.0ms)
  Rendered /var/lib/gems/2.0.0/gems/actionpack-4.1.1/lib/action_dispatch/middleware/templates/routes/_table.html.erb (1.0ms)
  Rendered /var/lib/gems/2.0.0/gems/actionpack-4.1.1/lib/action_dispatch/middleware/templates/rescues/routing_error.html.erb within rescues/layout (37.8ms)


Started GET "/messages?nonce=1445113813627" for 109.242.74.182 at 2015-10-17 16:29:40 -0400
Processing by MessagesController#index as HTML
  Parameters: {"nonce"=>"1445113813627"}
  [1m[35mMessage Load (0.2ms)[0m  SELECT "messages".* FROM "messages"
  Rendered messages/index.html.erb within layouts/application (1.1ms)
Completed 200 OK in 71ms (Views: 70.0ms | ActiveRecord: 0.2ms)


Started GET "/assets/messages.css?body=1" for 109.242.74.182 at 2015-10-17 16:29:40 -0400


Started GET "/assets/application.css?body=1" for 109.242.74.182 at 2015-10-17 16:29:40 -0400


Started GET "/assets/jquery.js?body=1" for 109.242.74.182 at 2015-10-17 16:29:40 -0400


Started GET "/assets/jquery_ujs.js?body=1" for 109.242.74.182 at 2015-10-17 16:29:40 -0400


Started GET "/assets/turbolinks.js?body=1" for 109.242.74.182 at 2015-10-17 16:29:40 -0400


Started GET "/assets/communication.js?body=1" for 109.242.74.182 at 2015-10-17 16:29:40 -0400


Started GET "/assets/messages.js?body=1" for 109.242.74.182 at 2015-10-17 16:29:40 -0400


Started GET "/assets/application.js?body=1" for 109.242.74.182 at 2015-10-17 16:29:40 -0400


Started GET "/communication.js" for 109.242.74.182 at 2015-10-17 16:29:40 -0400

ActionController::RoutingError (No route matches [GET] "/communication.js"):
  actionpack (4.1.1) lib/action_dispatch/middleware/debug_exceptions.rb:21:in `call'
  actionpack (4.1.1) lib/action_dispatch/middleware/show_exceptions.rb:30:in `call'
  railties (4.1.1) lib/rails/rack/logger.rb:38:in `call_app'
  railties (4.1.1) lib/rails/rack/logger.rb:20:in `block in call'
  activesupport (4.1.1) lib/active_support/tagged_logging.rb:68:in `block in tagged'
  activesupport (4.1.1) lib/active_support/tagged_logging.rb:26:in `tagged'
  activesupport (4.1.1) lib/active_support/tagged_logging.rb:68:in `tagged'
  railties (4.1.1) lib/rails/rack/logger.rb:20:in `call'
  actionpack (4.1.1) lib/action_dispatch/middleware/request_id.rb:21:in `call'
  rack (1.5.2) lib/rack/methodoverride.rb:21:in `call'
  rack (1.5.2) lib/rack/runtime.rb:17:in `call'
  activesupport (4.1.1) lib/active_support/cache/strategy/local_cache_middleware.rb:26:in `call'
  rack (1.5.2) lib/rack/lock.rb:17:in `call'
  actionpack (4.1.1) lib/action_dispatch/middleware/static.rb:64:in `call'
  rack (1.5.2) lib/rack/sendfile.rb:112:in `call'
  railties (4.1.1) lib/rails/engine.rb:514:in `call'
  railties (4.1.1) lib/rails/application.rb:144:in `call'
  rack (1.5.2) lib/rack/lock.rb:17:in `call'
  rack (1.5.2) lib/rack/content_length.rb:14:in `call'
  rack (1.5.2) lib/rack/handler/webrick.rb:60:in `service'
  /usr/lib/ruby/2.0.0/webrick/httpserver.rb:138:in `service'
  /usr/lib/ruby/2.0.0/webrick/httpserver.rb:94:in `run'
  /usr/lib/ruby/2.0.0/webrick/server.rb:295:in `block in start_thread'


  Rendered /var/lib/gems/2.0.0/gems/actionpack-4.1.1/lib/action_dispatch/middleware/templates/rescues/_trace.html.erb (0.9ms)
  Rendered /var/lib/gems/2.0.0/gems/actionpack-4.1.1/lib/action_dispatch/middleware/templates/routes/_route.html.erb (0.7ms)
  Rendered /var/lib/gems/2.0.0/gems/actionpack-4.1.1/lib/action_dispatch/middleware/templates/routes/_table.html.erb (0.9ms)
  Rendered /var/lib/gems/2.0.0/gems/actionpack-4.1.1/lib/action_dispatch/middleware/templates/rescues/routing_error.html.erb within rescues/layout (13.4ms)


Started GET "/messages?nonce=1445113823018" for 109.242.74.182 at 2015-10-17 16:29:49 -0400
Processing by MessagesController#index as HTML
  Parameters: {"nonce"=>"1445113823018"}
  [1m[36mMessage Load (0.2ms)[0m  [1mSELECT "messages".* FROM "messages"[0m
  Rendered messages/index.html.erb within layouts/application (1.2ms)
Completed 200 OK in 33ms (Views: 32.1ms | ActiveRecord: 0.2ms)


Started GET "/assets/messages.css?body=1" for 109.242.74.182 at 2015-10-17 16:29:50 -0400


Started GET "/assets/application.css?body=1" for 109.242.74.182 at 2015-10-17 16:29:50 -0400


Started GET "/assets/jquery.js?body=1" for 109.242.74.182 at 2015-10-17 16:29:50 -0400


Started GET "/assets/jquery_ujs.js?body=1" for 109.242.74.182 at 2015-10-17 16:29:50 -0400


Started GET "/assets/turbolinks.js?body=1" for 109.242.74.182 at 2015-10-17 16:29:50 -0400


Started GET "/assets/communication.js?body=1" for 109.242.74.182 at 2015-10-17 16:29:50 -0400


Started GET "/assets/messages.js?body=1" for 109.242.74.182 at 2015-10-17 16:29:50 -0400


Started GET "/assets/application.js?body=1" for 109.242.74.182 at 2015-10-17 16:29:50 -0400


Started GET "/communication.js" for 109.242.74.182 at 2015-10-17 16:29:50 -0400

ActionController::RoutingError (No route matches [GET] "/communication.js"):
  actionpack (4.1.1) lib/action_dispatch/middleware/debug_exceptions.rb:21:in `call'
  actionpack (4.1.1) lib/action_dispatch/middleware/show_exceptions.rb:30:in `call'
  railties (4.1.1) lib/rails/rack/logger.rb:38:in `call_app'
  railties (4.1.1) lib/rails/rack/logger.rb:20:in `block in call'
  activesupport (4.1.1) lib/active_support/tagged_logging.rb:68:in `block in tagged'
  activesupport (4.1.1) lib/active_support/tagged_logging.rb:26:in `tagged'
  activesupport (4.1.1) lib/active_support/tagged_logging.rb:68:in `tagged'
  railties (4.1.1) lib/rails/rack/logger.rb:20:in `call'
  actionpack (4.1.1) lib/action_dispatch/middleware/request_id.rb:21:in `call'
  rack (1.5.2) lib/rack/methodoverride.rb:21:in `call'
  rack (1.5.2) lib/rack/runtime.rb:17:in `call'
  activesupport (4.1.1) lib/active_support/cache/strategy/local_cache_middleware.rb:26:in `call'
  rack (1.5.2) lib/rack/lock.rb:17:in `call'
  actionpack (4.1.1) lib/action_dispatch/middleware/static.rb:64:in `call'
  rack (1.5.2) lib/rack/sendfile.rb:112:in `call'
  railties (4.1.1) lib/rails/engine.rb:514:in `call'
  railties (4.1.1) lib/rails/application.rb:144:in `call'
  rack (1.5.2) lib/rack/lock.rb:17:in `call'
  rack (1.5.2) lib/rack/content_length.rb:14:in `call'
  rack (1.5.2) lib/rack/handler/webrick.rb:60:in `service'
  /usr/lib/ruby/2.0.0/webrick/httpserver.rb:138:in `service'
  /usr/lib/ruby/2.0.0/webrick/httpserver.rb:94:in `run'
  /usr/lib/ruby/2.0.0/webrick/server.rb:295:in `block in start_thread'


  Rendered /var/lib/gems/2.0.0/gems/actionpack-4.1.1/lib/action_dispatch/middleware/templates/rescues/_trace.html.erb (0.9ms)
  Rendered /var/lib/gems/2.0.0/gems/actionpack-4.1.1/lib/action_dispatch/middleware/templates/routes/_route.html.erb (0.7ms)
  Rendered /var/lib/gems/2.0.0/gems/actionpack-4.1.1/lib/action_dispatch/middleware/templates/routes/_table.html.erb (0.9ms)
  Rendered /var/lib/gems/2.0.0/gems/actionpack-4.1.1/lib/action_dispatch/middleware/templates/rescues/routing_error.html.erb within rescues/layout (13.9ms)


Started GET "/messages?nonce=1445113830980" for 109.242.74.182 at 2015-10-17 16:29:57 -0400
Processing by MessagesController#index as HTML
  Parameters: {"nonce"=>"1445113830980"}
  [1m[35mMessage Load (0.2ms)[0m  SELECT "messages".* FROM "messages"
  Rendered messages/index.html.erb within layouts/application (1.5ms)
Completed 200 OK in 64ms (Views: 63.5ms | ActiveRecord: 0.2ms)


Started GET "/assets/messages.css?body=1" for 109.242.74.182 at 2015-10-17 16:29:58 -0400


Started GET "/assets/application.css?body=1" for 109.242.74.182 at 2015-10-17 16:29:58 -0400


Started GET "/assets/jquery.js?body=1" for 109.242.74.182 at 2015-10-17 16:29:58 -0400


Started GET "/assets/jquery_ujs.js?body=1" for 109.242.74.182 at 2015-10-17 16:29:58 -0400


Started GET "/assets/turbolinks.js?body=1" for 109.242.74.182 at 2015-10-17 16:29:58 -0400


Started GET "/assets/communication.js?body=1" for 109.242.74.182 at 2015-10-17 16:29:58 -0400


Started GET "/assets/messages.js?body=1" for 109.242.74.182 at 2015-10-17 16:29:58 -0400


Started GET "/assets/application.js?body=1" for 109.242.74.182 at 2015-10-17 16:29:58 -0400


Started GET "/communication.js" for 109.242.74.182 at 2015-10-17 16:29:58 -0400

ActionController::RoutingError (No route matches [GET] "/communication.js"):
  actionpack (4.1.1) lib/action_dispatch/middleware/debug_exceptions.rb:21:in `call'
  actionpack (4.1.1) lib/action_dispatch/middleware/show_exceptions.rb:30:in `call'
  railties (4.1.1) lib/rails/rack/logger.rb:38:in `call_app'
  railties (4.1.1) lib/rails/rack/logger.rb:20:in `block in call'
  activesupport (4.1.1) lib/active_support/tagged_logging.rb:68:in `block in tagged'
  activesupport (4.1.1) lib/active_support/tagged_logging.rb:26:in `tagged'
  activesupport (4.1.1) lib/active_support/tagged_logging.rb:68:in `tagged'
  railties (4.1.1) lib/rails/rack/logger.rb:20:in `call'
  actionpack (4.1.1) lib/action_dispatch/middleware/request_id.rb:21:in `call'
  rack (1.5.2) lib/rack/methodoverride.rb:21:in `call'
  rack (1.5.2) lib/rack/runtime.rb:17:in `call'
  activesupport (4.1.1) lib/active_support/cache/strategy/local_cache_middleware.rb:26:in `call'
  rack (1.5.2) lib/rack/lock.rb:17:in `call'
  actionpack (4.1.1) lib/action_dispatch/middleware/static.rb:64:in `call'
  rack (1.5.2) lib/rack/sendfile.rb:112:in `call'
  railties (4.1.1) lib/rails/engine.rb:514:in `call'
  railties (4.1.1) lib/rails/application.rb:144:in `call'
  rack (1.5.2) lib/rack/lock.rb:17:in `call'
  rack (1.5.2) lib/rack/content_length.rb:14:in `call'
  rack (1.5.2) lib/rack/handler/webrick.rb:60:in `service'
  /usr/lib/ruby/2.0.0/webrick/httpserver.rb:138:in `service'
  /usr/lib/ruby/2.0.0/webrick/httpserver.rb:94:in `run'
  /usr/lib/ruby/2.0.0/webrick/server.rb:295:in `block in start_thread'


  Rendered /var/lib/gems/2.0.0/gems/actionpack-4.1.1/lib/action_dispatch/middleware/templates/rescues/_trace.html.erb (1.0ms)
  Rendered /var/lib/gems/2.0.0/gems/actionpack-4.1.1/lib/action_dispatch/middleware/templates/routes/_route.html.erb (0.8ms)
  Rendered /var/lib/gems/2.0.0/gems/actionpack-4.1.1/lib/action_dispatch/middleware/templates/routes/_table.html.erb (0.9ms)
  Rendered /var/lib/gems/2.0.0/gems/actionpack-4.1.1/lib/action_dispatch/middleware/templates/rescues/routing_error.html.erb within rescues/layout (13.9ms)
